-1
1
-1
1993
6
1991
true
-1
true
14
-1
-1
false
-1
-1
-1
true
true
true
-1
-1
-1
true
true
1
35
-1
true
1926
1913
1909
-1
1892
1886
1888
1886
false
-1
22
1
false
31
true
true
-1
true
1939
true
true
false
1892
false
true
false
1843
57
true
1891
false
1832
112
true
17
true
1900
-1
103
false
-1
true
true
true
43
1787
1789
1791
false
1771
true
1892
-1
-1
false
true
-1
-1
1737
-1
79
true
-1
85
-1
1719
true
1752
133
-1
1699
true
1691
113
true
true
-1
true
35
1657
1656
true
1643
137
true
-1
-1
-1
true
1621
-1
-1
true
true
1603
-1
124
true
true
false
true
1578
38
1580
-1
true
-1
true
1986
132
false
true
-1
false
true
true
17
65
20
1541
1543
true
1537
true
-1
true
true
1771
1506
true
true
true
true
true
true
false
true
1565
1563
1565
false
-1
53
1458
43
104
38
73
false
-1
-1
4
-1
true
1423
-1
203
19
false
-1
1404
239
true
123
-1
true
false
false
-1
174
28
-1
-1
-1
-1
1373
-1
true
false
1362
1363
true
true
-1
-1
true
-1
227
1335
true
true
135
1320
-1
-1
-1
-1
1291
1290
1293
209
1283
1282
true
true
true
true
1379
false
1254
1251
1243
1256
1243
61
1234
1242
false
-1
true
false
-1
22
-1
true
true
true
1224
true
76
true
-1
-1
1190
true
true
-1
true
1285
1283
1172
91
true
true
1162
true
-1
1148
127
1142
17
1137
true
1131
1121
1118
1124
1113
1112
true
217
-1
-1
-1
6
-1
1083
true
225
false
true
1075
1068
true
false
1062
1061
true
1057
-1
-1
-1
-1
-1
111
true
-1
1028
1036
true
true
1017
true
102
20
-1
true
1199
true
false
true
true
false
true
false
978
true
-1
36
true
185
true
-1
947
40
937
941
-1
false
-1
48
-1
13
false
false
false
918
true
true
-1
-1
891
true
false
1405
1407
-1
869
110
true
-1
-1
166
false
-1
134
-1
-1
true
72
true
1436
-1
false
853
false
836
true
1656
1657
72
-1
-1
-1
138
-1
false
-1
true
-1
806
161
true
1492
815
834
139
809
814
true
false
-1
159
781
false
-1
773
771
773
true
1678
1676
93
-1
-1
true
false
1347
748
287
-1
false
747
-1
736
734
183
15
715
-1
-1
true
1714
true
1190
false
67
false
true
false
100
true
1499
true
661
true
654
156
29
649
true
1192
-1
642
638
true
639
-1
303
-1
true
752
-1
true
-1
612
609
true
true
1308
true
true
28
1580
false
true
628
true
false
1572
true
1827
-1
true
123
true
true
true
-1
-1
true
239
false
false
-1
553
15
-1
-1
115
41
537
-1
true
933
518
-1
-1
-1
-1
true
true
true
494
true
24
1699
false
488
474
-1
true
97
true
true
946
462
true
true
1747
true
97
true
true
false
-1
89
407
209
-1
false
false
410
165
true
374
-1
115
-1
true
true
1009
true
71
-1
-1
true
28
-1
77
true
395
326
47
true
-1
-1
-1
303
14
296
-1
-1
-1
-1
65
-1
260
187
true
20
198
-1
true
113
true
239
231
231
true
-1
222
231
189
160
-1
false
true
612
205
true
219
false
165
235
241
-1
228
false
-1
34
105
true
156
true
false
19
-1
-1
false
139
-1
true
true
-1
117
116
-1
-1
true
153
-1
-1
-1
87
true
1509
74
200
-1
-1
38
true
962
true
238
33
38
30
-1
-1
false
25
112
36
11
true
